<?xml version="1.0" encoding="UTF-8"?>
<!-- Generated by org.testng.reporters.JUnitXMLReporter -->
<testsuite hostname="PC201703061101" name="Xcsl_CxSave_Test" tests="6" failures="2" timestamp="27 Mar 2020 09:37:31 GMT" time="192.665" errors="0">
  <testcase name="ywsl_xcsl_save_cxSave_failure_test_case" time="36.228" classname="testcase.ywsl.xcsl.save.cxSave.CxSaveTester"/>
  <testcase name="ywsl_xcsl_save_cxSave_failure_test_case" time="33.844" classname="testcase.ywsl.xcsl.save.cxSave.CxSaveTester">
    <failure type="org.openqa.selenium.TimeoutException" message="Timed out after 5 seconds waiting for base.BaseTester$4@1dcdd1c
Build info: version: &amp;apos;2.53.1&amp;apos;, revision: &amp;apos;a36b8b1cd5757287168e54b817830adce9b0158d&amp;apos;, time: &amp;apos;2016-06-30 19:26:09&amp;apos;
System info: host: &amp;apos;PC201703061101&amp;apos;, ip: &amp;apos;192.168.8.75&amp;apos;, os.name: &amp;apos;Windows 7&amp;apos;, os.arch: &amp;apos;x86&amp;apos;, os.version: &amp;apos;6.1&amp;apos;, java.version: &amp;apos;1.8.0_181&amp;apos;
Driver info: org.openqa.selenium.chrome.ChromeDriver
Capabilities [{mobileEmulationEnabled=false, timeouts={implicit=0, pageLoad=300000, script=30000}, hasTouchScreen=false, platform=XP, acceptSslCerts=false, goog:chromeOptions={debuggerAddress=localhost:57921}, acceptInsecureCerts=false, webStorageEnabled=true, browserName=chrome, takesScreenshot=true, javascriptEnabled=true, setWindowRect=true, unexpectedAlertBehaviour=ignore, applicationCacheEnabled=false, rotatable=false, networkConnectionEnabled=false, chrome={chromedriverVersion=79.0.3945.36 (3582db32b33893869b8c1339e8f4d9ed1816f143-refs/branch-heads/3945@{#614}), userDataDir=C:\Users\ADMINI~1\AppData\Local\Temp\scoped_dir11428_697110349}, takesHeapSnapshot=true, pageLoadStrategy=normal, strictFileInteractability=false, databaseEnabled=false, handlesAlerts=true, version=79.0.3945.117, browserConnectionEnabled=false, proxy={}, nativeEvents=true, locationContextEnabled=true, cssSelectorsEnabled=true}]
Session ID: 6c60c424cb976dd3e57399fba1711382">
      <![CDATA[org.openqa.selenium.TimeoutException: Timed out after 5 seconds waiting for base.BaseTester$4@1dcdd1c
Build info: version: '2.53.1', revision: 'a36b8b1cd5757287168e54b817830adce9b0158d', time: '2016-06-30 19:26:09'
System info: host: 'PC201703061101', ip: '192.168.8.75', os.name: 'Windows 7', os.arch: 'x86', os.version: '6.1', java.version: '1.8.0_181'
Driver info: org.openqa.selenium.chrome.ChromeDriver
Capabilities [{mobileEmulationEnabled=false, timeouts={implicit=0, pageLoad=300000, script=30000}, hasTouchScreen=false, platform=XP, acceptSslCerts=false, goog:chromeOptions={debuggerAddress=localhost:57921}, acceptInsecureCerts=false, webStorageEnabled=true, browserName=chrome, takesScreenshot=true, javascriptEnabled=true, setWindowRect=true, unexpectedAlertBehaviour=ignore, applicationCacheEnabled=false, rotatable=false, networkConnectionEnabled=false, chrome={chromedriverVersion=79.0.3945.36 (3582db32b33893869b8c1339e8f4d9ed1816f143-refs/branch-heads/3945@{#614}), userDataDir=C:\Users\ADMINI~1\AppData\Local\Temp\scoped_dir11428_697110349}, takesHeapSnapshot=true, pageLoadStrategy=normal, strictFileInteractability=false, databaseEnabled=false, handlesAlerts=true, version=79.0.3945.117, browserConnectionEnabled=false, proxy={}, nativeEvents=true, locationContextEnabled=true, cssSelectorsEnabled=true}]
Session ID: 6c60c424cb976dd3e57399fba1711382
	at org.openqa.selenium.support.ui.WebDriverWait.timeoutException(WebDriverWait.java:80)
	at org.openqa.selenium.support.ui.FluentWait.until(FluentWait.java:261)
	at base.BaseTester.getElementTextNotNull(BaseTester.java:280)
	at base.BaseTester.getElementTextNotNull(BaseTester.java:299)
	at base.BaseTester.assertElementTextEquls(BaseTester.java:750)
	at testcase.ywsl.xcsl.save.cxSave.CxSaveTester.ywsl_xcsl_save_cxSave_failure_test_case(CxSaveTester.java:111)
... Removed 24 stack frames]]>
    </failure>
  </testcase> <!-- ywsl_xcsl_save_cxSave_failure_test_case -->
  <testcase name="ywsl_xcsl_save_cxSave_failure_test_case" time="27.952" classname="testcase.ywsl.xcsl.save.cxSave.CxSaveTester">
    <failure type="org.openqa.selenium.TimeoutException" message="Timed out after 5 seconds waiting for base.BaseTester$4@f0673d
Build info: version: &amp;apos;2.53.1&amp;apos;, revision: &amp;apos;a36b8b1cd5757287168e54b817830adce9b0158d&amp;apos;, time: &amp;apos;2016-06-30 19:26:09&amp;apos;
System info: host: &amp;apos;PC201703061101&amp;apos;, ip: &amp;apos;192.168.8.75&amp;apos;, os.name: &amp;apos;Windows 7&amp;apos;, os.arch: &amp;apos;x86&amp;apos;, os.version: &amp;apos;6.1&amp;apos;, java.version: &amp;apos;1.8.0_181&amp;apos;
Driver info: org.openqa.selenium.chrome.ChromeDriver
Capabilities [{mobileEmulationEnabled=false, timeouts={implicit=0, pageLoad=300000, script=30000}, hasTouchScreen=false, platform=XP, acceptSslCerts=false, goog:chromeOptions={debuggerAddress=localhost:57921}, acceptInsecureCerts=false, webStorageEnabled=true, browserName=chrome, takesScreenshot=true, javascriptEnabled=true, setWindowRect=true, unexpectedAlertBehaviour=ignore, applicationCacheEnabled=false, rotatable=false, networkConnectionEnabled=false, chrome={chromedriverVersion=79.0.3945.36 (3582db32b33893869b8c1339e8f4d9ed1816f143-refs/branch-heads/3945@{#614}), userDataDir=C:\Users\ADMINI~1\AppData\Local\Temp\scoped_dir11428_697110349}, takesHeapSnapshot=true, pageLoadStrategy=normal, strictFileInteractability=false, databaseEnabled=false, handlesAlerts=true, version=79.0.3945.117, browserConnectionEnabled=false, proxy={}, nativeEvents=true, locationContextEnabled=true, cssSelectorsEnabled=true}]
Session ID: 6c60c424cb976dd3e57399fba1711382">
      <![CDATA[org.openqa.selenium.TimeoutException: Timed out after 5 seconds waiting for base.BaseTester$4@f0673d
Build info: version: '2.53.1', revision: 'a36b8b1cd5757287168e54b817830adce9b0158d', time: '2016-06-30 19:26:09'
System info: host: 'PC201703061101', ip: '192.168.8.75', os.name: 'Windows 7', os.arch: 'x86', os.version: '6.1', java.version: '1.8.0_181'
Driver info: org.openqa.selenium.chrome.ChromeDriver
Capabilities [{mobileEmulationEnabled=false, timeouts={implicit=0, pageLoad=300000, script=30000}, hasTouchScreen=false, platform=XP, acceptSslCerts=false, goog:chromeOptions={debuggerAddress=localhost:57921}, acceptInsecureCerts=false, webStorageEnabled=true, browserName=chrome, takesScreenshot=true, javascriptEnabled=true, setWindowRect=true, unexpectedAlertBehaviour=ignore, applicationCacheEnabled=false, rotatable=false, networkConnectionEnabled=false, chrome={chromedriverVersion=79.0.3945.36 (3582db32b33893869b8c1339e8f4d9ed1816f143-refs/branch-heads/3945@{#614}), userDataDir=C:\Users\ADMINI~1\AppData\Local\Temp\scoped_dir11428_697110349}, takesHeapSnapshot=true, pageLoadStrategy=normal, strictFileInteractability=false, databaseEnabled=false, handlesAlerts=true, version=79.0.3945.117, browserConnectionEnabled=false, proxy={}, nativeEvents=true, locationContextEnabled=true, cssSelectorsEnabled=true}]
Session ID: 6c60c424cb976dd3e57399fba1711382
	at org.openqa.selenium.support.ui.WebDriverWait.timeoutException(WebDriverWait.java:80)
	at org.openqa.selenium.support.ui.FluentWait.until(FluentWait.java:261)
	at base.BaseTester.getElementTextNotNull(BaseTester.java:280)
	at base.BaseTester.getElementTextNotNull(BaseTester.java:299)
	at base.BaseTester.assertElementTextEquls(BaseTester.java:750)
	at testcase.ywsl.xcsl.save.cxSave.CxSaveTester.ywsl_xcsl_save_cxSave_failure_test_case(CxSaveTester.java:111)
... Removed 24 stack frames]]>
    </failure>
  </testcase> <!-- ywsl_xcsl_save_cxSave_failure_test_case -->
  <testcase name="ywsl_xcsl_save_cxSave_success_test_case" time="24.464" classname="testcase.ywsl.xcsl.save.cxSave.CxSaveTester"/>
  <testcase name="ywsl_xcsl_save_cxSave_success_test_case" time="29.554" classname="testcase.ywsl.xcsl.save.cxSave.CxSaveTester"/>
  <testcase name="ywsl_xcsl_save_cxSave_success_test_case" time="30.404" classname="testcase.ywsl.xcsl.save.cxSave.CxSaveTester"/>
</testsuite> <!-- Xcsl_CxSave_Test -->
