<html>
<head>
<title>TestNG:  Xcsl_TsSave_Test</title>
<link href="../testng.css" rel="stylesheet" type="text/css" />
<link href="../my-testng.css" rel="stylesheet" type="text/css" />

<style type="text/css">
.log { display: none;} 
.stack-trace { display: none;} 
</style>
<script type="text/javascript">
<!--
function flip(e) {
  current = e.style.display;
  if (current == 'block') {
    e.style.display = 'none';
    return 0;
  }
  else {
    e.style.display = 'block';
    return 1;
  }
}

function toggleBox(szDivId, elem, msg1, msg2)
{
  var res = -1;  if (document.getElementById) {
    res = flip(document.getElementById(szDivId));
  }
  else if (document.all) {
    // this is the way old msie versions work
    res = flip(document.all[szDivId]);
  }
  if(elem) {
    if(res == 0) elem.innerHTML = msg1; else elem.innerHTML = msg2;
  }

}

function toggleAllBoxes() {
  if (document.getElementsByTagName) {
    d = document.getElementsByTagName('div');
    for (i = 0; i < d.length; i++) {
      if (d[i].className == 'log') {
        flip(d[i]);
      }
    }
  }
}

// -->
</script>

</head>
<body>
<h2 align='center'>Xcsl_TsSave_Test</h2><table border='1' align="center">
<tr>
<td>Tests passed/Failed/Skipped:</td><td>6/6/0</td>
</tr><tr>
<td>Started on:</td><td>Fri Mar 27 17:43:01 CST 2020</td>
</tr>
<tr><td>Total time:</td><td>340 seconds (340031 ms)</td>
</tr><tr>
<td>Included groups:</td><td></td>
</tr><tr>
<td>Excluded groups:</td><td></td>
</tr>
</table><p/>
<small><i>(Hover the method name to see the test class name)</i></small><p/>
<table width='100%' border='1' class='invocation-failed'>
<tr><td colspan='4' align='center'><b>FAILED TESTS</b></td></tr>
<tr><td><b>Test method</b></td>
<td width="30%"><b>Exception</b></td>
<td width="10%"><b>Time (seconds)</b></td>
<td><b>Instance</b></td>
</tr>
<tr>
<td title='testcase.ywsl.xcsl.save.tsSave.TsSaveTester.ywsl_xcsl_save_tsSave_failure_test_case()'><b>ywsl_xcsl_save_tsSave_failure_test_case</b><br>Test class: testcase.ywsl.xcsl.save.tsSave.TsSaveTester<br>Parameters: YwslXcslSaveTsSaveSuccessData [Dwlx=1, yjgsd=北京市, ejgsd=市辖区, sjgsd=东城区, name=, phone=13325811144, nsrsbh=332032655632365000, msgNumber=13325811144, czNumber=13325811144, address=东城区前门大街108号, sfzNumber=330521199810142614, workPlace=故宫博物院, email=626262626@qq.com, ywlb=2, nsrpjdj=0, jsfs=网络, xxly=大企业, smts=0, tslx=服务言行, btsrdwhgr=杭州戴尔, fynr=反映内容, jjcd=紧急, sfbm=0, sfcyy=, sffj=, tips=输入长度为1~24个且不为空]</td>
<td><div><pre>org.openqa.selenium.TimeoutException: Timed out after 5 seconds waiting for base.BaseTester$4@1e93fb7
Build info: version: &apos;2.53.1&apos;, revision: &apos;a36b8b1cd5757287168e54b817830adce9b0158d&apos;, time: &apos;2016-06-30 19:26:09&apos;
System info: host: &apos;PC201703061101&apos;, ip: &apos;192.168.8.75&apos;, os.name: &apos;Windows 7&apos;, os.arch: &apos;x86&apos;, os.version: &apos;6.1&apos;, java.version: &apos;1.8.0_181&apos;
Driver info: org.openqa.selenium.chrome.ChromeDriver
Capabilities [{mobileEmulationEnabled=false, timeouts={implicit=0, pageLoad=300000, script=30000}, hasTouchScreen=false, platform=XP, acceptSslCerts=false, goog:chromeOptions={debuggerAddress=localhost:57921}, acceptInsecureCerts=false, webStorageEnabled=true, browserName=chrome, takesScreenshot=true, javascriptEnabled=true, setWindowRect=true, unexpectedAlertBehaviour=ignore, applicationCacheEnabled=false, rotatable=false, networkConnectionEnabled=false, chrome={chromedriverVersion=79.0.3945.36 (3582db32b33893869b8c1339e8f4d9ed1816f143-refs/branch-heads/3945@{#614}), userDataDir=C:\Users\ADMINI~1\AppData\Local\Temp\scoped_dir11428_697110349}, takesHeapSnapshot=true, pageLoadStrategy=normal, strictFileInteractability=false, databaseEnabled=false, handlesAlerts=true, version=79.0.3945.117, browserConnectionEnabled=false, proxy={}, nativeEvents=true, locationContextEnabled=true, cssSelectorsEnabled=true}]
Session ID: 6c60c424cb976dd3e57399fba1711382
	at org.openqa.selenium.support.ui.WebDriverWait.timeoutException(WebDriverWait.java:80)
	at org.openqa.selenium.support.ui.FluentWait.until(FluentWait.java:261)
	at base.BaseTester.getElementTextNotNull(BaseTester.java:280)
	at base.BaseTester.getElementTextNotNull(BaseTester.java:299)
	at base.BaseTester.assertElementTextEquls(BaseTester.java:750)
	at testcase.ywsl.xcsl.save.tsSave.TsSaveTester.ywsl_xcsl_save_tsSave_failure_test_case(TsSaveTester.java:143)
... Removed 24 stack frames</pre></div><a href='#' onClick='toggleBox("stack-trace19273740", this, "Click to show all stack frames", "Click to hide stack frames")'>Click to show all stack frames</a>
<div class='stack-trace' id='stack-trace19273740'><pre>org.openqa.selenium.TimeoutException: Timed out after 5 seconds waiting for base.BaseTester$4@1e93fb7
Build info: version: &apos;2.53.1&apos;, revision: &apos;a36b8b1cd5757287168e54b817830adce9b0158d&apos;, time: &apos;2016-06-30 19:26:09&apos;
System info: host: &apos;PC201703061101&apos;, ip: &apos;192.168.8.75&apos;, os.name: &apos;Windows 7&apos;, os.arch: &apos;x86&apos;, os.version: &apos;6.1&apos;, java.version: &apos;1.8.0_181&apos;
Driver info: org.openqa.selenium.chrome.ChromeDriver
Capabilities [{mobileEmulationEnabled=false, timeouts={implicit=0, pageLoad=300000, script=30000}, hasTouchScreen=false, platform=XP, acceptSslCerts=false, goog:chromeOptions={debuggerAddress=localhost:57921}, acceptInsecureCerts=false, webStorageEnabled=true, browserName=chrome, takesScreenshot=true, javascriptEnabled=true, setWindowRect=true, unexpectedAlertBehaviour=ignore, applicationCacheEnabled=false, rotatable=false, networkConnectionEnabled=false, chrome={chromedriverVersion=79.0.3945.36 (3582db32b33893869b8c1339e8f4d9ed1816f143-refs/branch-heads/3945@{#614}), userDataDir=C:\Users\ADMINI~1\AppData\Local\Temp\scoped_dir11428_697110349}, takesHeapSnapshot=true, pageLoadStrategy=normal, strictFileInteractability=false, databaseEnabled=false, handlesAlerts=true, version=79.0.3945.117, browserConnectionEnabled=false, proxy={}, nativeEvents=true, locationContextEnabled=true, cssSelectorsEnabled=true}]
Session ID: 6c60c424cb976dd3e57399fba1711382
	at org.openqa.selenium.support.ui.WebDriverWait.timeoutException(WebDriverWait.java:80)
	at org.openqa.selenium.support.ui.FluentWait.until(FluentWait.java:261)
	at base.BaseTester.getElementTextNotNull(BaseTester.java:280)
	at base.BaseTester.getElementTextNotNull(BaseTester.java:299)
	at base.BaseTester.assertElementTextEquls(BaseTester.java:750)
	at testcase.ywsl.xcsl.save.tsSave.TsSaveTester.ywsl_xcsl_save_tsSave_failure_test_case(TsSaveTester.java:143)
	at sun.reflect.NativeMethodAccessorImpl.invoke0(Native Method)
	at sun.reflect.NativeMethodAccessorImpl.invoke(Unknown Source)
	at sun.reflect.DelegatingMethodAccessorImpl.invoke(Unknown Source)
	at java.lang.reflect.Method.invoke(Unknown Source)
	at org.testng.internal.MethodInvocationHelper.invokeMethod(MethodInvocationHelper.java:84)
	at org.testng.internal.Invoker.invokeMethod(Invoker.java:714)
	at org.testng.internal.Invoker.invokeTestMethod(Invoker.java:901)
	at org.testng.internal.Invoker.invokeTestMethods(Invoker.java:1231)
	at org.testng.internal.TestMethodWorker.invokeTestMethods(TestMethodWorker.java:127)
	at org.testng.internal.TestMethodWorker.run(TestMethodWorker.java:111)
	at org.testng.TestRunner.privateRun(TestRunner.java:767)
	at org.testng.TestRunner.run(TestRunner.java:617)
	at org.testng.SuiteRunner.runTest(SuiteRunner.java:348)
	at org.testng.SuiteRunner.runSequentially(SuiteRunner.java:343)
	at org.testng.SuiteRunner.privateRun(SuiteRunner.java:305)
	at org.testng.SuiteRunner.run(SuiteRunner.java:254)
	at org.testng.SuiteRunnerWorker.runSuite(SuiteRunnerWorker.java:52)
	at org.testng.SuiteRunnerWorker.run(SuiteRunnerWorker.java:86)
	at org.testng.TestNG.runSuitesSequentially(TestNG.java:1224)
	at org.testng.TestNG.runSuitesLocally(TestNG.java:1149)
	at org.testng.TestNG.run(TestNG.java:1057)
	at org.testng.remote.AbstractRemoteTestNG.run(AbstractRemoteTestNG.java:132)
	at org.testng.remote.RemoteTestNG.initAndRun(RemoteTestNG.java:230)
	at org.testng.remote.RemoteTestNG.main(RemoteTestNG.java:76)
</pre></div></td>
<td>28</td>
<td>testcase.ywsl.xcsl.save.tsSave.TsSaveTester@ad20cb</td></tr>
<tr>
<td title='testcase.ywsl.xcsl.save.tsSave.TsSaveTester.ywsl_xcsl_save_tsSave_failure_test_case()'><b>ywsl_xcsl_save_tsSave_failure_test_case</b><br>Test class: testcase.ywsl.xcsl.save.tsSave.TsSaveTester<br>Parameters: YwslXcslSaveTsSaveSuccessData [Dwlx=1, yjgsd=北京市, ejgsd=市辖区, sjgsd=东城区, name=五柳先生, phone=, nsrsbh=332032655632365000, msgNumber=13325811144, czNumber=13325811144, address=东城区前门大街108号, sfzNumber=330521199810142614, workPlace=故宫博物院, email=626262626@qq.com, ywlb=2, nsrpjdj=1, jsfs=短信, xxly=纳税咨询, smts=0, tslx=服务质效, btsrdwhgr=杭州戴尔, fynr=反映内容, jjcd=一般, sfbm=1, sfcyy=1, sffj=, tips=联系电话不能为空]</td>
<td><div><pre>org.openqa.selenium.TimeoutException: Timed out after 5 seconds waiting for base.BaseTester$4@1db5e0f
Build info: version: &apos;2.53.1&apos;, revision: &apos;a36b8b1cd5757287168e54b817830adce9b0158d&apos;, time: &apos;2016-06-30 19:26:09&apos;
System info: host: &apos;PC201703061101&apos;, ip: &apos;192.168.8.75&apos;, os.name: &apos;Windows 7&apos;, os.arch: &apos;x86&apos;, os.version: &apos;6.1&apos;, java.version: &apos;1.8.0_181&apos;
Driver info: org.openqa.selenium.chrome.ChromeDriver
Capabilities [{mobileEmulationEnabled=false, timeouts={implicit=0, pageLoad=300000, script=30000}, hasTouchScreen=false, platform=XP, acceptSslCerts=false, goog:chromeOptions={debuggerAddress=localhost:57921}, acceptInsecureCerts=false, webStorageEnabled=true, browserName=chrome, takesScreenshot=true, javascriptEnabled=true, setWindowRect=true, unexpectedAlertBehaviour=ignore, applicationCacheEnabled=false, rotatable=false, networkConnectionEnabled=false, chrome={chromedriverVersion=79.0.3945.36 (3582db32b33893869b8c1339e8f4d9ed1816f143-refs/branch-heads/3945@{#614}), userDataDir=C:\Users\ADMINI~1\AppData\Local\Temp\scoped_dir11428_697110349}, takesHeapSnapshot=true, pageLoadStrategy=normal, strictFileInteractability=false, databaseEnabled=false, handlesAlerts=true, version=79.0.3945.117, browserConnectionEnabled=false, proxy={}, nativeEvents=true, locationContextEnabled=true, cssSelectorsEnabled=true}]
Session ID: 6c60c424cb976dd3e57399fba1711382
	at org.openqa.selenium.support.ui.WebDriverWait.timeoutException(WebDriverWait.java:80)
	at org.openqa.selenium.support.ui.FluentWait.until(FluentWait.java:261)
	at base.BaseTester.getElementTextNotNull(BaseTester.java:280)
	at base.BaseTester.getElementTextNotNull(BaseTester.java:299)
	at base.BaseTester.assertElementTextEquls(BaseTester.java:750)
	at testcase.ywsl.xcsl.save.tsSave.TsSaveTester.ywsl_xcsl_save_tsSave_failure_test_case(TsSaveTester.java:143)
... Removed 24 stack frames</pre></div><a href='#' onClick='toggleBox("stack-trace6484184", this, "Click to show all stack frames", "Click to hide stack frames")'>Click to show all stack frames</a>
<div class='stack-trace' id='stack-trace6484184'><pre>org.openqa.selenium.TimeoutException: Timed out after 5 seconds waiting for base.BaseTester$4@1db5e0f
Build info: version: &apos;2.53.1&apos;, revision: &apos;a36b8b1cd5757287168e54b817830adce9b0158d&apos;, time: &apos;2016-06-30 19:26:09&apos;
System info: host: &apos;PC201703061101&apos;, ip: &apos;192.168.8.75&apos;, os.name: &apos;Windows 7&apos;, os.arch: &apos;x86&apos;, os.version: &apos;6.1&apos;, java.version: &apos;1.8.0_181&apos;
Driver info: org.openqa.selenium.chrome.ChromeDriver
Capabilities [{mobileEmulationEnabled=false, timeouts={implicit=0, pageLoad=300000, script=30000}, hasTouchScreen=false, platform=XP, acceptSslCerts=false, goog:chromeOptions={debuggerAddress=localhost:57921}, acceptInsecureCerts=false, webStorageEnabled=true, browserName=chrome, takesScreenshot=true, javascriptEnabled=true, setWindowRect=true, unexpectedAlertBehaviour=ignore, applicationCacheEnabled=false, rotatable=false, networkConnectionEnabled=false, chrome={chromedriverVersion=79.0.3945.36 (3582db32b33893869b8c1339e8f4d9ed1816f143-refs/branch-heads/3945@{#614}), userDataDir=C:\Users\ADMINI~1\AppData\Local\Temp\scoped_dir11428_697110349}, takesHeapSnapshot=true, pageLoadStrategy=normal, strictFileInteractability=false, databaseEnabled=false, handlesAlerts=true, version=79.0.3945.117, browserConnectionEnabled=false, proxy={}, nativeEvents=true, locationContextEnabled=true, cssSelectorsEnabled=true}]
Session ID: 6c60c424cb976dd3e57399fba1711382
	at org.openqa.selenium.support.ui.WebDriverWait.timeoutException(WebDriverWait.java:80)
	at org.openqa.selenium.support.ui.FluentWait.until(FluentWait.java:261)
	at base.BaseTester.getElementTextNotNull(BaseTester.java:280)
	at base.BaseTester.getElementTextNotNull(BaseTester.java:299)
	at base.BaseTester.assertElementTextEquls(BaseTester.java:750)
	at testcase.ywsl.xcsl.save.tsSave.TsSaveTester.ywsl_xcsl_save_tsSave_failure_test_case(TsSaveTester.java:143)
	at sun.reflect.NativeMethodAccessorImpl.invoke0(Native Method)
	at sun.reflect.NativeMethodAccessorImpl.invoke(Unknown Source)
	at sun.reflect.DelegatingMethodAccessorImpl.invoke(Unknown Source)
	at java.lang.reflect.Method.invoke(Unknown Source)
	at org.testng.internal.MethodInvocationHelper.invokeMethod(MethodInvocationHelper.java:84)
	at org.testng.internal.Invoker.invokeMethod(Invoker.java:714)
	at org.testng.internal.Invoker.invokeTestMethod(Invoker.java:901)
	at org.testng.internal.Invoker.invokeTestMethods(Invoker.java:1231)
	at org.testng.internal.TestMethodWorker.invokeTestMethods(TestMethodWorker.java:127)
	at org.testng.internal.TestMethodWorker.run(TestMethodWorker.java:111)
	at org.testng.TestRunner.privateRun(TestRunner.java:767)
	at org.testng.TestRunner.run(TestRunner.java:617)
	at org.testng.SuiteRunner.runTest(SuiteRunner.java:348)
	at org.testng.SuiteRunner.runSequentially(SuiteRunner.java:343)
	at org.testng.SuiteRunner.privateRun(SuiteRunner.java:305)
	at org.testng.SuiteRunner.run(SuiteRunner.java:254)
	at org.testng.SuiteRunnerWorker.runSuite(SuiteRunnerWorker.java:52)
	at org.testng.SuiteRunnerWorker.run(SuiteRunnerWorker.java:86)
	at org.testng.TestNG.runSuitesSequentially(TestNG.java:1224)
	at org.testng.TestNG.runSuitesLocally(TestNG.java:1149)
	at org.testng.TestNG.run(TestNG.java:1057)
	at org.testng.remote.AbstractRemoteTestNG.run(AbstractRemoteTestNG.java:132)
	at org.testng.remote.RemoteTestNG.initAndRun(RemoteTestNG.java:230)
	at org.testng.remote.RemoteTestNG.main(RemoteTestNG.java:76)
</pre></div></td>
<td>34</td>
<td>testcase.ywsl.xcsl.save.tsSave.TsSaveTester@ad20cb</td></tr>
<tr>
<td title='testcase.ywsl.xcsl.save.tsSave.TsSaveTester.ywsl_xcsl_save_tsSave_failure_test_case()'><b>ywsl_xcsl_save_tsSave_failure_test_case</b><br>Test class: testcase.ywsl.xcsl.save.tsSave.TsSaveTester<br>Parameters: YwslXcslSaveTsSaveSuccessData [Dwlx=1, yjgsd=北京市, ejgsd=市辖区, sjgsd=东城区, name=五柳先生, phone=13325811144, nsrsbh=332032655632365000, msgNumber=13325811144, czNumber=13325811144, address=东城区前门大街108号, sfzNumber=330521199810142614, workPlace=故宫博物院, email=626262626@qq.com, ywlb=2, nsrpjdj=1, jsfs=信函, xxly=其他部门, smts=0, tslx=侵害权益, btsrdwhgr=, fynr=反映内容, jjcd=急, sfbm=1, sfcyy=, sffj=, tips=字数不能超过49且不为空]</td>
<td><div><pre>org.openqa.selenium.TimeoutException: Timed out after 5 seconds waiting for base.BaseTester$4@7049f2
Build info: version: &apos;2.53.1&apos;, revision: &apos;a36b8b1cd5757287168e54b817830adce9b0158d&apos;, time: &apos;2016-06-30 19:26:09&apos;
System info: host: &apos;PC201703061101&apos;, ip: &apos;192.168.8.75&apos;, os.name: &apos;Windows 7&apos;, os.arch: &apos;x86&apos;, os.version: &apos;6.1&apos;, java.version: &apos;1.8.0_181&apos;
Driver info: org.openqa.selenium.chrome.ChromeDriver
Capabilities [{mobileEmulationEnabled=false, timeouts={implicit=0, pageLoad=300000, script=30000}, hasTouchScreen=false, platform=XP, acceptSslCerts=false, goog:chromeOptions={debuggerAddress=localhost:57921}, acceptInsecureCerts=false, webStorageEnabled=true, browserName=chrome, takesScreenshot=true, javascriptEnabled=true, setWindowRect=true, unexpectedAlertBehaviour=ignore, applicationCacheEnabled=false, rotatable=false, networkConnectionEnabled=false, chrome={chromedriverVersion=79.0.3945.36 (3582db32b33893869b8c1339e8f4d9ed1816f143-refs/branch-heads/3945@{#614}), userDataDir=C:\Users\ADMINI~1\AppData\Local\Temp\scoped_dir11428_697110349}, takesHeapSnapshot=true, pageLoadStrategy=normal, strictFileInteractability=false, databaseEnabled=false, handlesAlerts=true, version=79.0.3945.117, browserConnectionEnabled=false, proxy={}, nativeEvents=true, locationContextEnabled=true, cssSelectorsEnabled=true}]
Session ID: 6c60c424cb976dd3e57399fba1711382
	at org.openqa.selenium.support.ui.WebDriverWait.timeoutException(WebDriverWait.java:80)
	at org.openqa.selenium.support.ui.FluentWait.until(FluentWait.java:261)
	at base.BaseTester.getElementTextNotNull(BaseTester.java:280)
	at base.BaseTester.getElementTextNotNull(BaseTester.java:299)
	at base.BaseTester.assertElementTextEquls(BaseTester.java:750)
	at testcase.ywsl.xcsl.save.tsSave.TsSaveTester.ywsl_xcsl_save_tsSave_failure_test_case(TsSaveTester.java:143)
... Removed 24 stack frames</pre></div><a href='#' onClick='toggleBox("stack-trace29040393", this, "Click to show all stack frames", "Click to hide stack frames")'>Click to show all stack frames</a>
<div class='stack-trace' id='stack-trace29040393'><pre>org.openqa.selenium.TimeoutException: Timed out after 5 seconds waiting for base.BaseTester$4@7049f2
Build info: version: &apos;2.53.1&apos;, revision: &apos;a36b8b1cd5757287168e54b817830adce9b0158d&apos;, time: &apos;2016-06-30 19:26:09&apos;
System info: host: &apos;PC201703061101&apos;, ip: &apos;192.168.8.75&apos;, os.name: &apos;Windows 7&apos;, os.arch: &apos;x86&apos;, os.version: &apos;6.1&apos;, java.version: &apos;1.8.0_181&apos;
Driver info: org.openqa.selenium.chrome.ChromeDriver
Capabilities [{mobileEmulationEnabled=false, timeouts={implicit=0, pageLoad=300000, script=30000}, hasTouchScreen=false, platform=XP, acceptSslCerts=false, goog:chromeOptions={debuggerAddress=localhost:57921}, acceptInsecureCerts=false, webStorageEnabled=true, browserName=chrome, takesScreenshot=true, javascriptEnabled=true, setWindowRect=true, unexpectedAlertBehaviour=ignore, applicationCacheEnabled=false, rotatable=false, networkConnectionEnabled=false, chrome={chromedriverVersion=79.0.3945.36 (3582db32b33893869b8c1339e8f4d9ed1816f143-refs/branch-heads/3945@{#614}), userDataDir=C:\Users\ADMINI~1\AppData\Local\Temp\scoped_dir11428_697110349}, takesHeapSnapshot=true, pageLoadStrategy=normal, strictFileInteractability=false, databaseEnabled=false, handlesAlerts=true, version=79.0.3945.117, browserConnectionEnabled=false, proxy={}, nativeEvents=true, locationContextEnabled=true, cssSelectorsEnabled=true}]
Session ID: 6c60c424cb976dd3e57399fba1711382
	at org.openqa.selenium.support.ui.WebDriverWait.timeoutException(WebDriverWait.java:80)
	at org.openqa.selenium.support.ui.FluentWait.until(FluentWait.java:261)
	at base.BaseTester.getElementTextNotNull(BaseTester.java:280)
	at base.BaseTester.getElementTextNotNull(BaseTester.java:299)
	at base.BaseTester.assertElementTextEquls(BaseTester.java:750)
	at testcase.ywsl.xcsl.save.tsSave.TsSaveTester.ywsl_xcsl_save_tsSave_failure_test_case(TsSaveTester.java:143)
	at sun.reflect.NativeMethodAccessorImpl.invoke0(Native Method)
	at sun.reflect.NativeMethodAccessorImpl.invoke(Unknown Source)
	at sun.reflect.DelegatingMethodAccessorImpl.invoke(Unknown Source)
	at java.lang.reflect.Method.invoke(Unknown Source)
	at org.testng.internal.MethodInvocationHelper.invokeMethod(MethodInvocationHelper.java:84)
	at org.testng.internal.Invoker.invokeMethod(Invoker.java:714)
	at org.testng.internal.Invoker.invokeTestMethod(Invoker.java:901)
	at org.testng.internal.Invoker.invokeTestMethods(Invoker.java:1231)
	at org.testng.internal.TestMethodWorker.invokeTestMethods(TestMethodWorker.java:127)
	at org.testng.internal.TestMethodWorker.run(TestMethodWorker.java:111)
	at org.testng.TestRunner.privateRun(TestRunner.java:767)
	at org.testng.TestRunner.run(TestRunner.java:617)
	at org.testng.SuiteRunner.runTest(SuiteRunner.java:348)
	at org.testng.SuiteRunner.runSequentially(SuiteRunner.java:343)
	at org.testng.SuiteRunner.privateRun(SuiteRunner.java:305)
	at org.testng.SuiteRunner.run(SuiteRunner.java:254)
	at org.testng.SuiteRunnerWorker.runSuite(SuiteRunnerWorker.java:52)
	at org.testng.SuiteRunnerWorker.run(SuiteRunnerWorker.java:86)
	at org.testng.TestNG.runSuitesSequentially(TestNG.java:1224)
	at org.testng.TestNG.runSuitesLocally(TestNG.java:1149)
	at org.testng.TestNG.run(TestNG.java:1057)
	at org.testng.remote.AbstractRemoteTestNG.run(AbstractRemoteTestNG.java:132)
	at org.testng.remote.RemoteTestNG.initAndRun(RemoteTestNG.java:230)
	at org.testng.remote.RemoteTestNG.main(RemoteTestNG.java:76)
</pre></div></td>
<td>28</td>
<td>testcase.ywsl.xcsl.save.tsSave.TsSaveTester@ad20cb</td></tr>
<tr>
<td title='testcase.ywsl.xcsl.save.tsSave.TsSaveTester.ywsl_xcsl_save_tsSave_failure_test_case()'><b>ywsl_xcsl_save_tsSave_failure_test_case</b><br>Test class: testcase.ywsl.xcsl.save.tsSave.TsSaveTester<br>Parameters: YwslXcslSaveTsSaveSuccessData [Dwlx=1, yjgsd=北京市, ejgsd=市辖区, sjgsd=东城区, name=五柳先生, phone=13325811144, nsrsbh=332032655632365000, msgNumber=13325811144, czNumber=13325811144, address=东城区前门大街108号, sfzNumber=330521199810142614, workPlace=故宫博物院, email=626262626@qq.com, ywlb=2, nsrpjdj=1, jsfs=信函, xxly=其他部门, smts=0, tslx=侵害权益, btsrdwhgr=杭州戴尔, fynr=, jjcd=急, sfbm=1, sfcyy=, sffj=, tips=字数不能超过1999且不为空]</td>
<td><div><pre>org.openqa.selenium.TimeoutException: Timed out after 5 seconds waiting for base.BaseTester$4@1586843
Build info: version: &apos;2.53.1&apos;, revision: &apos;a36b8b1cd5757287168e54b817830adce9b0158d&apos;, time: &apos;2016-06-30 19:26:09&apos;
System info: host: &apos;PC201703061101&apos;, ip: &apos;192.168.8.75&apos;, os.name: &apos;Windows 7&apos;, os.arch: &apos;x86&apos;, os.version: &apos;6.1&apos;, java.version: &apos;1.8.0_181&apos;
Driver info: org.openqa.selenium.chrome.ChromeDriver
Capabilities [{mobileEmulationEnabled=false, timeouts={implicit=0, pageLoad=300000, script=30000}, hasTouchScreen=false, platform=XP, acceptSslCerts=false, goog:chromeOptions={debuggerAddress=localhost:57921}, acceptInsecureCerts=false, webStorageEnabled=true, browserName=chrome, takesScreenshot=true, javascriptEnabled=true, setWindowRect=true, unexpectedAlertBehaviour=ignore, applicationCacheEnabled=false, rotatable=false, networkConnectionEnabled=false, chrome={chromedriverVersion=79.0.3945.36 (3582db32b33893869b8c1339e8f4d9ed1816f143-refs/branch-heads/3945@{#614}), userDataDir=C:\Users\ADMINI~1\AppData\Local\Temp\scoped_dir11428_697110349}, takesHeapSnapshot=true, pageLoadStrategy=normal, strictFileInteractability=false, databaseEnabled=false, handlesAlerts=true, version=79.0.3945.117, browserConnectionEnabled=false, proxy={}, nativeEvents=true, locationContextEnabled=true, cssSelectorsEnabled=true}]
Session ID: 6c60c424cb976dd3e57399fba1711382
	at org.openqa.selenium.support.ui.WebDriverWait.timeoutException(WebDriverWait.java:80)
	at org.openqa.selenium.support.ui.FluentWait.until(FluentWait.java:261)
	at base.BaseTester.getElementTextNotNull(BaseTester.java:280)
	at base.BaseTester.getElementTextNotNull(BaseTester.java:299)
	at base.BaseTester.assertElementTextEquls(BaseTester.java:750)
	at testcase.ywsl.xcsl.save.tsSave.TsSaveTester.ywsl_xcsl_save_tsSave_failure_test_case(TsSaveTester.java:143)
... Removed 24 stack frames</pre></div><a href='#' onClick='toggleBox("stack-trace2830374", this, "Click to show all stack frames", "Click to hide stack frames")'>Click to show all stack frames</a>
<div class='stack-trace' id='stack-trace2830374'><pre>org.openqa.selenium.TimeoutException: Timed out after 5 seconds waiting for base.BaseTester$4@1586843
Build info: version: &apos;2.53.1&apos;, revision: &apos;a36b8b1cd5757287168e54b817830adce9b0158d&apos;, time: &apos;2016-06-30 19:26:09&apos;
System info: host: &apos;PC201703061101&apos;, ip: &apos;192.168.8.75&apos;, os.name: &apos;Windows 7&apos;, os.arch: &apos;x86&apos;, os.version: &apos;6.1&apos;, java.version: &apos;1.8.0_181&apos;
Driver info: org.openqa.selenium.chrome.ChromeDriver
Capabilities [{mobileEmulationEnabled=false, timeouts={implicit=0, pageLoad=300000, script=30000}, hasTouchScreen=false, platform=XP, acceptSslCerts=false, goog:chromeOptions={debuggerAddress=localhost:57921}, acceptInsecureCerts=false, webStorageEnabled=true, browserName=chrome, takesScreenshot=true, javascriptEnabled=true, setWindowRect=true, unexpectedAlertBehaviour=ignore, applicationCacheEnabled=false, rotatable=false, networkConnectionEnabled=false, chrome={chromedriverVersion=79.0.3945.36 (3582db32b33893869b8c1339e8f4d9ed1816f143-refs/branch-heads/3945@{#614}), userDataDir=C:\Users\ADMINI~1\AppData\Local\Temp\scoped_dir11428_697110349}, takesHeapSnapshot=true, pageLoadStrategy=normal, strictFileInteractability=false, databaseEnabled=false, handlesAlerts=true, version=79.0.3945.117, browserConnectionEnabled=false, proxy={}, nativeEvents=true, locationContextEnabled=true, cssSelectorsEnabled=true}]
Session ID: 6c60c424cb976dd3e57399fba1711382
	at org.openqa.selenium.support.ui.WebDriverWait.timeoutException(WebDriverWait.java:80)
	at org.openqa.selenium.support.ui.FluentWait.until(FluentWait.java:261)
	at base.BaseTester.getElementTextNotNull(BaseTester.java:280)
	at base.BaseTester.getElementTextNotNull(BaseTester.java:299)
	at base.BaseTester.assertElementTextEquls(BaseTester.java:750)
	at testcase.ywsl.xcsl.save.tsSave.TsSaveTester.ywsl_xcsl_save_tsSave_failure_test_case(TsSaveTester.java:143)
	at sun.reflect.NativeMethodAccessorImpl.invoke0(Native Method)
	at sun.reflect.NativeMethodAccessorImpl.invoke(Unknown Source)
	at sun.reflect.DelegatingMethodAccessorImpl.invoke(Unknown Source)
	at java.lang.reflect.Method.invoke(Unknown Source)
	at org.testng.internal.MethodInvocationHelper.invokeMethod(MethodInvocationHelper.java:84)
	at org.testng.internal.Invoker.invokeMethod(Invoker.java:714)
	at org.testng.internal.Invoker.invokeTestMethod(Invoker.java:901)
	at org.testng.internal.Invoker.invokeTestMethods(Invoker.java:1231)
	at org.testng.internal.TestMethodWorker.invokeTestMethods(TestMethodWorker.java:127)
	at org.testng.internal.TestMethodWorker.run(TestMethodWorker.java:111)
	at org.testng.TestRunner.privateRun(TestRunner.java:767)
	at org.testng.TestRunner.run(TestRunner.java:617)
	at org.testng.SuiteRunner.runTest(SuiteRunner.java:348)
	at org.testng.SuiteRunner.runSequentially(SuiteRunner.java:343)
	at org.testng.SuiteRunner.privateRun(SuiteRunner.java:305)
	at org.testng.SuiteRunner.run(SuiteRunner.java:254)
	at org.testng.SuiteRunnerWorker.runSuite(SuiteRunnerWorker.java:52)
	at org.testng.SuiteRunnerWorker.run(SuiteRunnerWorker.java:86)
	at org.testng.TestNG.runSuitesSequentially(TestNG.java:1224)
	at org.testng.TestNG.runSuitesLocally(TestNG.java:1149)
	at org.testng.TestNG.run(TestNG.java:1057)
	at org.testng.remote.AbstractRemoteTestNG.run(AbstractRemoteTestNG.java:132)
	at org.testng.remote.RemoteTestNG.initAndRun(RemoteTestNG.java:230)
	at org.testng.remote.RemoteTestNG.main(RemoteTestNG.java:76)
</pre></div></td>
<td>27</td>
<td>testcase.ywsl.xcsl.save.tsSave.TsSaveTester@ad20cb</td></tr>
<tr>
<td title='testcase.ywsl.xcsl.save.tsSave.TsSaveTester.ywsl_xcsl_save_tsSave_failure_test_case()'><b>ywsl_xcsl_save_tsSave_failure_test_case</b><br>Test class: testcase.ywsl.xcsl.save.tsSave.TsSaveTester<br>Parameters: YwslXcslSaveTsSaveSuccessData [Dwlx=1, yjgsd=北京市, ejgsd=市辖区, sjgsd=东城区, name=五柳先生, phone=13325811144, nsrsbh=332032655632365000, msgNumber=13325811144, czNumber=13325811144, address=东城区前门大街108号, sfzNumber=330521199810142614, workPlace=故宫博物院, email=626262626@qq.com, ywlb=2, nsrpjdj=1, jsfs=信函, xxly=其他部门, smts=1, tslx=侵害权益, btsrdwhgr=, fynr=反映内容, jjcd=急, sfbm=1, sfcyy=, sffj=, tips=字数不能超过49且不为空]</td>
<td><div><pre>org.openqa.selenium.TimeoutException: Timed out after 5 seconds waiting for base.BaseTester$4@2b9f53
Build info: version: &apos;2.53.1&apos;, revision: &apos;a36b8b1cd5757287168e54b817830adce9b0158d&apos;, time: &apos;2016-06-30 19:26:09&apos;
System info: host: &apos;PC201703061101&apos;, ip: &apos;192.168.8.75&apos;, os.name: &apos;Windows 7&apos;, os.arch: &apos;x86&apos;, os.version: &apos;6.1&apos;, java.version: &apos;1.8.0_181&apos;
Driver info: org.openqa.selenium.chrome.ChromeDriver
Capabilities [{mobileEmulationEnabled=false, timeouts={implicit=0, pageLoad=300000, script=30000}, hasTouchScreen=false, platform=XP, acceptSslCerts=false, goog:chromeOptions={debuggerAddress=localhost:57921}, acceptInsecureCerts=false, webStorageEnabled=true, browserName=chrome, takesScreenshot=true, javascriptEnabled=true, setWindowRect=true, unexpectedAlertBehaviour=ignore, applicationCacheEnabled=false, rotatable=false, networkConnectionEnabled=false, chrome={chromedriverVersion=79.0.3945.36 (3582db32b33893869b8c1339e8f4d9ed1816f143-refs/branch-heads/3945@{#614}), userDataDir=C:\Users\ADMINI~1\AppData\Local\Temp\scoped_dir11428_697110349}, takesHeapSnapshot=true, pageLoadStrategy=normal, strictFileInteractability=false, databaseEnabled=false, handlesAlerts=true, version=79.0.3945.117, browserConnectionEnabled=false, proxy={}, nativeEvents=true, locationContextEnabled=true, cssSelectorsEnabled=true}]
Session ID: 6c60c424cb976dd3e57399fba1711382
	at org.openqa.selenium.support.ui.WebDriverWait.timeoutException(WebDriverWait.java:80)
	at org.openqa.selenium.support.ui.FluentWait.until(FluentWait.java:261)
	at base.BaseTester.getElementTextNotNull(BaseTester.java:280)
	at base.BaseTester.getElementTextNotNull(BaseTester.java:299)
	at base.BaseTester.assertElementTextEquls(BaseTester.java:750)
	at testcase.ywsl.xcsl.save.tsSave.TsSaveTester.ywsl_xcsl_save_tsSave_failure_test_case(TsSaveTester.java:143)
... Removed 24 stack frames</pre></div><a href='#' onClick='toggleBox("stack-trace20704364", this, "Click to show all stack frames", "Click to hide stack frames")'>Click to show all stack frames</a>
<div class='stack-trace' id='stack-trace20704364'><pre>org.openqa.selenium.TimeoutException: Timed out after 5 seconds waiting for base.BaseTester$4@2b9f53
Build info: version: &apos;2.53.1&apos;, revision: &apos;a36b8b1cd5757287168e54b817830adce9b0158d&apos;, time: &apos;2016-06-30 19:26:09&apos;
System info: host: &apos;PC201703061101&apos;, ip: &apos;192.168.8.75&apos;, os.name: &apos;Windows 7&apos;, os.arch: &apos;x86&apos;, os.version: &apos;6.1&apos;, java.version: &apos;1.8.0_181&apos;
Driver info: org.openqa.selenium.chrome.ChromeDriver
Capabilities [{mobileEmulationEnabled=false, timeouts={implicit=0, pageLoad=300000, script=30000}, hasTouchScreen=false, platform=XP, acceptSslCerts=false, goog:chromeOptions={debuggerAddress=localhost:57921}, acceptInsecureCerts=false, webStorageEnabled=true, browserName=chrome, takesScreenshot=true, javascriptEnabled=true, setWindowRect=true, unexpectedAlertBehaviour=ignore, applicationCacheEnabled=false, rotatable=false, networkConnectionEnabled=false, chrome={chromedriverVersion=79.0.3945.36 (3582db32b33893869b8c1339e8f4d9ed1816f143-refs/branch-heads/3945@{#614}), userDataDir=C:\Users\ADMINI~1\AppData\Local\Temp\scoped_dir11428_697110349}, takesHeapSnapshot=true, pageLoadStrategy=normal, strictFileInteractability=false, databaseEnabled=false, handlesAlerts=true, version=79.0.3945.117, browserConnectionEnabled=false, proxy={}, nativeEvents=true, locationContextEnabled=true, cssSelectorsEnabled=true}]
Session ID: 6c60c424cb976dd3e57399fba1711382
	at org.openqa.selenium.support.ui.WebDriverWait.timeoutException(WebDriverWait.java:80)
	at org.openqa.selenium.support.ui.FluentWait.until(FluentWait.java:261)
	at base.BaseTester.getElementTextNotNull(BaseTester.java:280)
	at base.BaseTester.getElementTextNotNull(BaseTester.java:299)
	at base.BaseTester.assertElementTextEquls(BaseTester.java:750)
	at testcase.ywsl.xcsl.save.tsSave.TsSaveTester.ywsl_xcsl_save_tsSave_failure_test_case(TsSaveTester.java:143)
	at sun.reflect.NativeMethodAccessorImpl.invoke0(Native Method)
	at sun.reflect.NativeMethodAccessorImpl.invoke(Unknown Source)
	at sun.reflect.DelegatingMethodAccessorImpl.invoke(Unknown Source)
	at java.lang.reflect.Method.invoke(Unknown Source)
	at org.testng.internal.MethodInvocationHelper.invokeMethod(MethodInvocationHelper.java:84)
	at org.testng.internal.Invoker.invokeMethod(Invoker.java:714)
	at org.testng.internal.Invoker.invokeTestMethod(Invoker.java:901)
	at org.testng.internal.Invoker.invokeTestMethods(Invoker.java:1231)
	at org.testng.internal.TestMethodWorker.invokeTestMethods(TestMethodWorker.java:127)
	at org.testng.internal.TestMethodWorker.run(TestMethodWorker.java:111)
	at org.testng.TestRunner.privateRun(TestRunner.java:767)
	at org.testng.TestRunner.run(TestRunner.java:617)
	at org.testng.SuiteRunner.runTest(SuiteRunner.java:348)
	at org.testng.SuiteRunner.runSequentially(SuiteRunner.java:343)
	at org.testng.SuiteRunner.privateRun(SuiteRunner.java:305)
	at org.testng.SuiteRunner.run(SuiteRunner.java:254)
	at org.testng.SuiteRunnerWorker.runSuite(SuiteRunnerWorker.java:52)
	at org.testng.SuiteRunnerWorker.run(SuiteRunnerWorker.java:86)
	at org.testng.TestNG.runSuitesSequentially(TestNG.java:1224)
	at org.testng.TestNG.runSuitesLocally(TestNG.java:1149)
	at org.testng.TestNG.run(TestNG.java:1057)
	at org.testng.remote.AbstractRemoteTestNG.run(AbstractRemoteTestNG.java:132)
	at org.testng.remote.RemoteTestNG.initAndRun(RemoteTestNG.java:230)
	at org.testng.remote.RemoteTestNG.main(RemoteTestNG.java:76)
</pre></div></td>
<td>25</td>
<td>testcase.ywsl.xcsl.save.tsSave.TsSaveTester@ad20cb</td></tr>
<tr>
<td title='testcase.ywsl.xcsl.save.tsSave.TsSaveTester.ywsl_xcsl_save_tsSave_failure_test_case()'><b>ywsl_xcsl_save_tsSave_failure_test_case</b><br>Test class: testcase.ywsl.xcsl.save.tsSave.TsSaveTester<br>Parameters: YwslXcslSaveTsSaveSuccessData [Dwlx=1, yjgsd=北京市, ejgsd=市辖区, sjgsd=东城区, name=, phone=, nsrsbh=, msgNumber=, czNumber=, address=, sfzNumber=, workPlace=, email=, ywlb=2, nsrpjdj=1, jsfs=信函, xxly=其他部门, smts=1, tslx=侵害权益, btsrdwhgr=杭州戴尔, fynr=, jjcd=急, sfbm=1, sfcyy=, sffj=, tips=字数不能超过1999且不为空]</td>
<td><div><pre>org.openqa.selenium.TimeoutException: Timed out after 5 seconds waiting for base.BaseTester$4@1527b8
Build info: version: &apos;2.53.1&apos;, revision: &apos;a36b8b1cd5757287168e54b817830adce9b0158d&apos;, time: &apos;2016-06-30 19:26:09&apos;
System info: host: &apos;PC201703061101&apos;, ip: &apos;192.168.8.75&apos;, os.name: &apos;Windows 7&apos;, os.arch: &apos;x86&apos;, os.version: &apos;6.1&apos;, java.version: &apos;1.8.0_181&apos;
Driver info: org.openqa.selenium.chrome.ChromeDriver
Capabilities [{mobileEmulationEnabled=false, timeouts={implicit=0, pageLoad=300000, script=30000}, hasTouchScreen=false, platform=XP, acceptSslCerts=false, goog:chromeOptions={debuggerAddress=localhost:57921}, acceptInsecureCerts=false, webStorageEnabled=true, browserName=chrome, takesScreenshot=true, javascriptEnabled=true, setWindowRect=true, unexpectedAlertBehaviour=ignore, applicationCacheEnabled=false, rotatable=false, networkConnectionEnabled=false, chrome={chromedriverVersion=79.0.3945.36 (3582db32b33893869b8c1339e8f4d9ed1816f143-refs/branch-heads/3945@{#614}), userDataDir=C:\Users\ADMINI~1\AppData\Local\Temp\scoped_dir11428_697110349}, takesHeapSnapshot=true, pageLoadStrategy=normal, strictFileInteractability=false, databaseEnabled=false, handlesAlerts=true, version=79.0.3945.117, browserConnectionEnabled=false, proxy={}, nativeEvents=true, locationContextEnabled=true, cssSelectorsEnabled=true}]
Session ID: 6c60c424cb976dd3e57399fba1711382
	at org.openqa.selenium.support.ui.WebDriverWait.timeoutException(WebDriverWait.java:80)
	at org.openqa.selenium.support.ui.FluentWait.until(FluentWait.java:261)
	at base.BaseTester.getElementTextNotNull(BaseTester.java:280)
	at base.BaseTester.getElementTextNotNull(BaseTester.java:299)
	at base.BaseTester.assertElementTextEquls(BaseTester.java:750)
	at testcase.ywsl.xcsl.save.tsSave.TsSaveTester.ywsl_xcsl_save_tsSave_failure_test_case(TsSaveTester.java:143)
... Removed 24 stack frames</pre></div><a href='#' onClick='toggleBox("stack-trace24144088", this, "Click to show all stack frames", "Click to hide stack frames")'>Click to show all stack frames</a>
<div class='stack-trace' id='stack-trace24144088'><pre>org.openqa.selenium.TimeoutException: Timed out after 5 seconds waiting for base.BaseTester$4@1527b8
Build info: version: &apos;2.53.1&apos;, revision: &apos;a36b8b1cd5757287168e54b817830adce9b0158d&apos;, time: &apos;2016-06-30 19:26:09&apos;
System info: host: &apos;PC201703061101&apos;, ip: &apos;192.168.8.75&apos;, os.name: &apos;Windows 7&apos;, os.arch: &apos;x86&apos;, os.version: &apos;6.1&apos;, java.version: &apos;1.8.0_181&apos;
Driver info: org.openqa.selenium.chrome.ChromeDriver
Capabilities [{mobileEmulationEnabled=false, timeouts={implicit=0, pageLoad=300000, script=30000}, hasTouchScreen=false, platform=XP, acceptSslCerts=false, goog:chromeOptions={debuggerAddress=localhost:57921}, acceptInsecureCerts=false, webStorageEnabled=true, browserName=chrome, takesScreenshot=true, javascriptEnabled=true, setWindowRect=true, unexpectedAlertBehaviour=ignore, applicationCacheEnabled=false, rotatable=false, networkConnectionEnabled=false, chrome={chromedriverVersion=79.0.3945.36 (3582db32b33893869b8c1339e8f4d9ed1816f143-refs/branch-heads/3945@{#614}), userDataDir=C:\Users\ADMINI~1\AppData\Local\Temp\scoped_dir11428_697110349}, takesHeapSnapshot=true, pageLoadStrategy=normal, strictFileInteractability=false, databaseEnabled=false, handlesAlerts=true, version=79.0.3945.117, browserConnectionEnabled=false, proxy={}, nativeEvents=true, locationContextEnabled=true, cssSelectorsEnabled=true}]
Session ID: 6c60c424cb976dd3e57399fba1711382
	at org.openqa.selenium.support.ui.WebDriverWait.timeoutException(WebDriverWait.java:80)
	at org.openqa.selenium.support.ui.FluentWait.until(FluentWait.java:261)
	at base.BaseTester.getElementTextNotNull(BaseTester.java:280)
	at base.BaseTester.getElementTextNotNull(BaseTester.java:299)
	at base.BaseTester.assertElementTextEquls(BaseTester.java:750)
	at testcase.ywsl.xcsl.save.tsSave.TsSaveTester.ywsl_xcsl_save_tsSave_failure_test_case(TsSaveTester.java:143)
	at sun.reflect.NativeMethodAccessorImpl.invoke0(Native Method)
	at sun.reflect.NativeMethodAccessorImpl.invoke(Unknown Source)
	at sun.reflect.DelegatingMethodAccessorImpl.invoke(Unknown Source)
	at java.lang.reflect.Method.invoke(Unknown Source)
	at org.testng.internal.MethodInvocationHelper.invokeMethod(MethodInvocationHelper.java:84)
	at org.testng.internal.Invoker.invokeMethod(Invoker.java:714)
	at org.testng.internal.Invoker.invokeTestMethod(Invoker.java:901)
	at org.testng.internal.Invoker.invokeTestMethods(Invoker.java:1231)
	at org.testng.internal.TestMethodWorker.invokeTestMethods(TestMethodWorker.java:127)
	at org.testng.internal.TestMethodWorker.run(TestMethodWorker.java:111)
	at org.testng.TestRunner.privateRun(TestRunner.java:767)
	at org.testng.TestRunner.run(TestRunner.java:617)
	at org.testng.SuiteRunner.runTest(SuiteRunner.java:348)
	at org.testng.SuiteRunner.runSequentially(SuiteRunner.java:343)
	at org.testng.SuiteRunner.privateRun(SuiteRunner.java:305)
	at org.testng.SuiteRunner.run(SuiteRunner.java:254)
	at org.testng.SuiteRunnerWorker.runSuite(SuiteRunnerWorker.java:52)
	at org.testng.SuiteRunnerWorker.run(SuiteRunnerWorker.java:86)
	at org.testng.TestNG.runSuitesSequentially(TestNG.java:1224)
	at org.testng.TestNG.runSuitesLocally(TestNG.java:1149)
	at org.testng.TestNG.run(TestNG.java:1057)
	at org.testng.remote.AbstractRemoteTestNG.run(AbstractRemoteTestNG.java:132)
	at org.testng.remote.RemoteTestNG.initAndRun(RemoteTestNG.java:230)
	at org.testng.remote.RemoteTestNG.main(RemoteTestNG.java:76)
</pre></div></td>
<td>24</td>
<td>testcase.ywsl.xcsl.save.tsSave.TsSaveTester@ad20cb</td></tr>
</table><p>
<table width='100%' border='1' class='invocation-passed'>
<tr><td colspan='4' align='center'><b>PASSED TESTS</b></td></tr>
<tr><td><b>Test method</b></td>
<td width="30%"><b>Exception</b></td>
<td width="10%"><b>Time (seconds)</b></td>
<td><b>Instance</b></td>
</tr>
<tr>
<td title='testcase.ywsl.xcsl.save.tsSave.TsSaveTester.ywsl_xcsl_save_tsSave_failure_test_case()'><b>ywsl_xcsl_save_tsSave_failure_test_case</b><br>Test class: testcase.ywsl.xcsl.save.tsSave.TsSaveTester<br>Parameters: YwslXcslSaveTsSaveSuccessData [Dwlx=1, yjgsd=北京市, ejgsd=市辖区, sjgsd=东城区, name=五柳先生, phone=13325811144, nsrsbh=332032655632365000, msgNumber=13325811144, czNumber=13325811144, address=东城区前门大街108号, sfzNumber=330521199810142614, workPlace=故宫博物院, email=626262626@qq.com, ywlb=2, nsrpjdj=2, jsfs=信函, xxly=其他部门, smts=0, tslx=, btsrdwhgr=杭州戴尔, fynr=反映内容, jjcd=一般, sfbm=0, sfcyy=, sffj=1, tips=请选择投诉类型]</td>
<td></td>
<td>28</td>
<td>testcase.ywsl.xcsl.save.tsSave.TsSaveTester@ad20cb</td></tr>
<tr>
<td title='testcase.ywsl.xcsl.save.tsSave.TsSaveTester.ywsl_xcsl_save_tsSave_failure_test_case()'><b>ywsl_xcsl_save_tsSave_failure_test_case</b><br>Test class: testcase.ywsl.xcsl.save.tsSave.TsSaveTester<br>Parameters: YwslXcslSaveTsSaveSuccessData [Dwlx=1, yjgsd=北京市, ejgsd=市辖区, sjgsd=东城区, name=, phone=, nsrsbh=, msgNumber=, czNumber=, address=, sfzNumber=, workPlace=, email=, ywlb=2, nsrpjdj=1, jsfs=信函, xxly=其他部门, smts=1, tslx=, btsrdwhgr=杭州戴尔, fynr=反映内容, jjcd=急, sfbm=1, sfcyy=, sffj=, tips=请选择投诉类型]</td>
<td></td>
<td>19</td>
<td>testcase.ywsl.xcsl.save.tsSave.TsSaveTester@ad20cb</td></tr>
<tr>
<td title='testcase.ywsl.xcsl.save.tsSave.TsSaveTester.ywsl_xcsl_save_tsSave_success_test_case()'><b>ywsl_xcsl_save_tsSave_success_test_case</b><br>Test class: testcase.ywsl.xcsl.save.tsSave.TsSaveTester<br>Parameters: YwslXcslSaveTsSaveSuccessData [Dwlx=1, yjgsd=北京市, ejgsd=市辖区, sjgsd=东城区, name=五柳先生, phone=13325811144, nsrsbh=332032655632365000, msgNumber=13325811144, czNumber=13325811144, address=东城区前门大街108号, sfzNumber=330521199810142614, workPlace=故宫博物院, email=626262626@qq.com, ywlb=2, nsrpjdj=0, jsfs=网络, xxly=大企业, smts=0, tslx=服务言行, btsrdwhgr=杭州戴尔, fynr=反映内容, jjcd=紧急, sfbm=0, sfcyy=, sffj=, tips=保存成功。]</td>
<td></td>
<td>24</td>
<td>testcase.ywsl.xcsl.save.tsSave.TsSaveTester@ad20cb</td></tr>
<tr>
<td title='testcase.ywsl.xcsl.save.tsSave.TsSaveTester.ywsl_xcsl_save_tsSave_success_test_case()'><b>ywsl_xcsl_save_tsSave_success_test_case</b><br>Test class: testcase.ywsl.xcsl.save.tsSave.TsSaveTester<br>Parameters: YwslXcslSaveTsSaveSuccessData [Dwlx=1, yjgsd=北京市, ejgsd=市辖区, sjgsd=东城区, name=五柳先生, phone=13325811144, nsrsbh=332032655632365000, msgNumber=13325811144, czNumber=13325811144, address=东城区前门大街108号, sfzNumber=330521199810142614, workPlace=故宫博物院, email=626262626@qq.com, ywlb=2, nsrpjdj=1, jsfs=短信, xxly=纳税咨询, smts=0, tslx=服务质效, btsrdwhgr=杭州戴尔, fynr=反映内容, jjcd=一般, sfbm=1, sfcyy=1, sffj=, tips=保存成功。]</td>
<td></td>
<td>30</td>
<td>testcase.ywsl.xcsl.save.tsSave.TsSaveTester@ad20cb</td></tr>
<tr>
<td title='testcase.ywsl.xcsl.save.tsSave.TsSaveTester.ywsl_xcsl_save_tsSave_success_test_case()'><b>ywsl_xcsl_save_tsSave_success_test_case</b><br>Test class: testcase.ywsl.xcsl.save.tsSave.TsSaveTester<br>Parameters: YwslXcslSaveTsSaveSuccessData [Dwlx=1, yjgsd=北京市, ejgsd=市辖区, sjgsd=东城区, name=五柳先生, phone=13325811144, nsrsbh=332032655632365000, msgNumber=13325811144, czNumber=13325811144, address=东城区前门大街108号, sfzNumber=330521199810142614, workPlace=故宫博物院, email=626262626@qq.com, ywlb=2, nsrpjdj=2, jsfs=信函, xxly=其他部门, smts=0, tslx=侵害权益, btsrdwhgr=杭州戴尔, fynr=反映内容, jjcd=一般, sfbm=0, sfcyy=, sffj=1, tips=保存成功。]</td>
<td></td>
<td>30</td>
<td>testcase.ywsl.xcsl.save.tsSave.TsSaveTester@ad20cb</td></tr>
<tr>
<td title='testcase.ywsl.xcsl.save.tsSave.TsSaveTester.ywsl_xcsl_save_tsSave_success_test_case()'><b>ywsl_xcsl_save_tsSave_success_test_case</b><br>Test class: testcase.ywsl.xcsl.save.tsSave.TsSaveTester<br>Parameters: YwslXcslSaveTsSaveSuccessData [Dwlx=1, yjgsd=北京市, ejgsd=市辖区, sjgsd=东城区, name=五柳先生, phone=13325811144, nsrsbh=332032655632365000, msgNumber=13325811144, czNumber=13325811144, address=东城区前门大街108号, sfzNumber=330521199810142614, workPlace=故宫博物院, email=626262626@qq.com, ywlb=2, nsrpjdj=1, jsfs=信函, xxly=其他部门, smts=1, tslx=侵害权益, btsrdwhgr=杭州戴尔, fynr=反映内容, jjcd=急, sfbm=1, sfcyy=, sffj=, tips=保存成功。]</td>
<td></td>
<td>20</td>
<td>testcase.ywsl.xcsl.save.tsSave.TsSaveTester@ad20cb</td></tr>
</table><p>
</body>
</html>