<?xml version="1.0" encoding="UTF-8"?>
<!-- Generated by org.testng.reporters.JUnitXMLReporter -->
<testsuite hostname="PC201703061101" name="Xcsl_TsSave_Test" tests="12" failures="6" timestamp="31 Mar 2020 08:44:06 GMT" time="279.253" errors="0">
  <testcase name="ywsl_xcsl_save_tsSave_failure_test_case" time="23.12" classname="testcase.ywsl.xcsl.save.tsSave.TsSaveTester">
    <failure type="org.openqa.selenium.TimeoutException" message="Timed out after 5 seconds waiting for base.BaseTester$4@13bec6c
Build info: version: &amp;apos;2.53.1&amp;apos;, revision: &amp;apos;a36b8b1cd5757287168e54b817830adce9b0158d&amp;apos;, time: &amp;apos;2016-06-30 19:26:09&amp;apos;
System info: host: &amp;apos;PC201703061101&amp;apos;, ip: &amp;apos;192.168.8.75&amp;apos;, os.name: &amp;apos;Windows 7&amp;apos;, os.arch: &amp;apos;x86&amp;apos;, os.version: &amp;apos;6.1&amp;apos;, java.version: &amp;apos;1.8.0_181&amp;apos;
Driver info: org.openqa.selenium.chrome.ChromeDriver
Capabilities [{mobileEmulationEnabled=false, timeouts={implicit=0, pageLoad=300000, script=30000}, hasTouchScreen=false, platform=XP, acceptSslCerts=false, goog:chromeOptions={debuggerAddress=localhost:28666}, acceptInsecureCerts=false, webStorageEnabled=true, browserName=chrome, takesScreenshot=true, javascriptEnabled=true, setWindowRect=true, unexpectedAlertBehaviour=ignore, applicationCacheEnabled=false, rotatable=false, networkConnectionEnabled=false, chrome={chromedriverVersion=79.0.3945.36 (3582db32b33893869b8c1339e8f4d9ed1816f143-refs/branch-heads/3945@{#614}), userDataDir=C:\Users\ADMINI~1\AppData\Local\Temp\scoped_dir12272_722766244}, takesHeapSnapshot=true, pageLoadStrategy=normal, strictFileInteractability=false, databaseEnabled=false, handlesAlerts=true, version=79.0.3945.117, browserConnectionEnabled=false, proxy={}, nativeEvents=true, locationContextEnabled=true, cssSelectorsEnabled=true}]
Session ID: 019fa8df6888836938fa42ac6f16cc66">
      <![CDATA[org.openqa.selenium.TimeoutException: Timed out after 5 seconds waiting for base.BaseTester$4@13bec6c
Build info: version: '2.53.1', revision: 'a36b8b1cd5757287168e54b817830adce9b0158d', time: '2016-06-30 19:26:09'
System info: host: 'PC201703061101', ip: '192.168.8.75', os.name: 'Windows 7', os.arch: 'x86', os.version: '6.1', java.version: '1.8.0_181'
Driver info: org.openqa.selenium.chrome.ChromeDriver
Capabilities [{mobileEmulationEnabled=false, timeouts={implicit=0, pageLoad=300000, script=30000}, hasTouchScreen=false, platform=XP, acceptSslCerts=false, goog:chromeOptions={debuggerAddress=localhost:28666}, acceptInsecureCerts=false, webStorageEnabled=true, browserName=chrome, takesScreenshot=true, javascriptEnabled=true, setWindowRect=true, unexpectedAlertBehaviour=ignore, applicationCacheEnabled=false, rotatable=false, networkConnectionEnabled=false, chrome={chromedriverVersion=79.0.3945.36 (3582db32b33893869b8c1339e8f4d9ed1816f143-refs/branch-heads/3945@{#614}), userDataDir=C:\Users\ADMINI~1\AppData\Local\Temp\scoped_dir12272_722766244}, takesHeapSnapshot=true, pageLoadStrategy=normal, strictFileInteractability=false, databaseEnabled=false, handlesAlerts=true, version=79.0.3945.117, browserConnectionEnabled=false, proxy={}, nativeEvents=true, locationContextEnabled=true, cssSelectorsEnabled=true}]
Session ID: 019fa8df6888836938fa42ac6f16cc66
	at org.openqa.selenium.support.ui.WebDriverWait.timeoutException(WebDriverWait.java:80)
	at org.openqa.selenium.support.ui.FluentWait.until(FluentWait.java:261)
	at base.BaseTester.getElementTextNotNull(BaseTester.java:280)
	at base.BaseTester.getElementTextNotNull(BaseTester.java:299)
	at base.BaseTester.assertElementTextEquls(BaseTester.java:750)
	at testcase.ywsl.xcsl.save.tsSave.TsSaveTester.ywsl_xcsl_save_tsSave_failure_test_case(TsSaveTester.java:143)
... Removed 28 stack frames]]>
    </failure>
  </testcase> <!-- ywsl_xcsl_save_tsSave_failure_test_case -->
  <testcase name="ywsl_xcsl_save_tsSave_failure_test_case" time="28.318" classname="testcase.ywsl.xcsl.save.tsSave.TsSaveTester">
    <failure type="org.openqa.selenium.TimeoutException" message="Timed out after 5 seconds waiting for base.BaseTester$4@2d44f3
Build info: version: &amp;apos;2.53.1&amp;apos;, revision: &amp;apos;a36b8b1cd5757287168e54b817830adce9b0158d&amp;apos;, time: &amp;apos;2016-06-30 19:26:09&amp;apos;
System info: host: &amp;apos;PC201703061101&amp;apos;, ip: &amp;apos;192.168.8.75&amp;apos;, os.name: &amp;apos;Windows 7&amp;apos;, os.arch: &amp;apos;x86&amp;apos;, os.version: &amp;apos;6.1&amp;apos;, java.version: &amp;apos;1.8.0_181&amp;apos;
Driver info: org.openqa.selenium.chrome.ChromeDriver
Capabilities [{mobileEmulationEnabled=false, timeouts={implicit=0, pageLoad=300000, script=30000}, hasTouchScreen=false, platform=XP, acceptSslCerts=false, goog:chromeOptions={debuggerAddress=localhost:28666}, acceptInsecureCerts=false, webStorageEnabled=true, browserName=chrome, takesScreenshot=true, javascriptEnabled=true, setWindowRect=true, unexpectedAlertBehaviour=ignore, applicationCacheEnabled=false, rotatable=false, networkConnectionEnabled=false, chrome={chromedriverVersion=79.0.3945.36 (3582db32b33893869b8c1339e8f4d9ed1816f143-refs/branch-heads/3945@{#614}), userDataDir=C:\Users\ADMINI~1\AppData\Local\Temp\scoped_dir12272_722766244}, takesHeapSnapshot=true, pageLoadStrategy=normal, strictFileInteractability=false, databaseEnabled=false, handlesAlerts=true, version=79.0.3945.117, browserConnectionEnabled=false, proxy={}, nativeEvents=true, locationContextEnabled=true, cssSelectorsEnabled=true}]
Session ID: 019fa8df6888836938fa42ac6f16cc66">
      <![CDATA[org.openqa.selenium.TimeoutException: Timed out after 5 seconds waiting for base.BaseTester$4@2d44f3
Build info: version: '2.53.1', revision: 'a36b8b1cd5757287168e54b817830adce9b0158d', time: '2016-06-30 19:26:09'
System info: host: 'PC201703061101', ip: '192.168.8.75', os.name: 'Windows 7', os.arch: 'x86', os.version: '6.1', java.version: '1.8.0_181'
Driver info: org.openqa.selenium.chrome.ChromeDriver
Capabilities [{mobileEmulationEnabled=false, timeouts={implicit=0, pageLoad=300000, script=30000}, hasTouchScreen=false, platform=XP, acceptSslCerts=false, goog:chromeOptions={debuggerAddress=localhost:28666}, acceptInsecureCerts=false, webStorageEnabled=true, browserName=chrome, takesScreenshot=true, javascriptEnabled=true, setWindowRect=true, unexpectedAlertBehaviour=ignore, applicationCacheEnabled=false, rotatable=false, networkConnectionEnabled=false, chrome={chromedriverVersion=79.0.3945.36 (3582db32b33893869b8c1339e8f4d9ed1816f143-refs/branch-heads/3945@{#614}), userDataDir=C:\Users\ADMINI~1\AppData\Local\Temp\scoped_dir12272_722766244}, takesHeapSnapshot=true, pageLoadStrategy=normal, strictFileInteractability=false, databaseEnabled=false, handlesAlerts=true, version=79.0.3945.117, browserConnectionEnabled=false, proxy={}, nativeEvents=true, locationContextEnabled=true, cssSelectorsEnabled=true}]
Session ID: 019fa8df6888836938fa42ac6f16cc66
	at org.openqa.selenium.support.ui.WebDriverWait.timeoutException(WebDriverWait.java:80)
	at org.openqa.selenium.support.ui.FluentWait.until(FluentWait.java:261)
	at base.BaseTester.getElementTextNotNull(BaseTester.java:280)
	at base.BaseTester.getElementTextNotNull(BaseTester.java:299)
	at base.BaseTester.assertElementTextEquls(BaseTester.java:750)
	at testcase.ywsl.xcsl.save.tsSave.TsSaveTester.ywsl_xcsl_save_tsSave_failure_test_case(TsSaveTester.java:143)
... Removed 28 stack frames]]>
    </failure>
  </testcase> <!-- ywsl_xcsl_save_tsSave_failure_test_case -->
  <testcase name="ywsl_xcsl_save_tsSave_failure_test_case" time="24.624" classname="testcase.ywsl.xcsl.save.tsSave.TsSaveTester"/>
  <testcase name="ywsl_xcsl_save_tsSave_failure_test_case" time="22.809" classname="testcase.ywsl.xcsl.save.tsSave.TsSaveTester">
    <failure type="org.openqa.selenium.TimeoutException" message="Timed out after 5 seconds waiting for base.BaseTester$4@18c3646
Build info: version: &amp;apos;2.53.1&amp;apos;, revision: &amp;apos;a36b8b1cd5757287168e54b817830adce9b0158d&amp;apos;, time: &amp;apos;2016-06-30 19:26:09&amp;apos;
System info: host: &amp;apos;PC201703061101&amp;apos;, ip: &amp;apos;192.168.8.75&amp;apos;, os.name: &amp;apos;Windows 7&amp;apos;, os.arch: &amp;apos;x86&amp;apos;, os.version: &amp;apos;6.1&amp;apos;, java.version: &amp;apos;1.8.0_181&amp;apos;
Driver info: org.openqa.selenium.chrome.ChromeDriver
Capabilities [{mobileEmulationEnabled=false, timeouts={implicit=0, pageLoad=300000, script=30000}, hasTouchScreen=false, platform=XP, acceptSslCerts=false, goog:chromeOptions={debuggerAddress=localhost:28666}, acceptInsecureCerts=false, webStorageEnabled=true, browserName=chrome, takesScreenshot=true, javascriptEnabled=true, setWindowRect=true, unexpectedAlertBehaviour=ignore, applicationCacheEnabled=false, rotatable=false, networkConnectionEnabled=false, chrome={chromedriverVersion=79.0.3945.36 (3582db32b33893869b8c1339e8f4d9ed1816f143-refs/branch-heads/3945@{#614}), userDataDir=C:\Users\ADMINI~1\AppData\Local\Temp\scoped_dir12272_722766244}, takesHeapSnapshot=true, pageLoadStrategy=normal, strictFileInteractability=false, databaseEnabled=false, handlesAlerts=true, version=79.0.3945.117, browserConnectionEnabled=false, proxy={}, nativeEvents=true, locationContextEnabled=true, cssSelectorsEnabled=true}]
Session ID: 019fa8df6888836938fa42ac6f16cc66">
      <![CDATA[org.openqa.selenium.TimeoutException: Timed out after 5 seconds waiting for base.BaseTester$4@18c3646
Build info: version: '2.53.1', revision: 'a36b8b1cd5757287168e54b817830adce9b0158d', time: '2016-06-30 19:26:09'
System info: host: 'PC201703061101', ip: '192.168.8.75', os.name: 'Windows 7', os.arch: 'x86', os.version: '6.1', java.version: '1.8.0_181'
Driver info: org.openqa.selenium.chrome.ChromeDriver
Capabilities [{mobileEmulationEnabled=false, timeouts={implicit=0, pageLoad=300000, script=30000}, hasTouchScreen=false, platform=XP, acceptSslCerts=false, goog:chromeOptions={debuggerAddress=localhost:28666}, acceptInsecureCerts=false, webStorageEnabled=true, browserName=chrome, takesScreenshot=true, javascriptEnabled=true, setWindowRect=true, unexpectedAlertBehaviour=ignore, applicationCacheEnabled=false, rotatable=false, networkConnectionEnabled=false, chrome={chromedriverVersion=79.0.3945.36 (3582db32b33893869b8c1339e8f4d9ed1816f143-refs/branch-heads/3945@{#614}), userDataDir=C:\Users\ADMINI~1\AppData\Local\Temp\scoped_dir12272_722766244}, takesHeapSnapshot=true, pageLoadStrategy=normal, strictFileInteractability=false, databaseEnabled=false, handlesAlerts=true, version=79.0.3945.117, browserConnectionEnabled=false, proxy={}, nativeEvents=true, locationContextEnabled=true, cssSelectorsEnabled=true}]
Session ID: 019fa8df6888836938fa42ac6f16cc66
	at org.openqa.selenium.support.ui.WebDriverWait.timeoutException(WebDriverWait.java:80)
	at org.openqa.selenium.support.ui.FluentWait.until(FluentWait.java:261)
	at base.BaseTester.getElementTextNotNull(BaseTester.java:280)
	at base.BaseTester.getElementTextNotNull(BaseTester.java:299)
	at base.BaseTester.assertElementTextEquls(BaseTester.java:750)
	at testcase.ywsl.xcsl.save.tsSave.TsSaveTester.ywsl_xcsl_save_tsSave_failure_test_case(TsSaveTester.java:143)
... Removed 28 stack frames]]>
    </failure>
  </testcase> <!-- ywsl_xcsl_save_tsSave_failure_test_case -->
  <testcase name="ywsl_xcsl_save_tsSave_failure_test_case" time="23.055" classname="testcase.ywsl.xcsl.save.tsSave.TsSaveTester">
    <failure type="org.openqa.selenium.TimeoutException" message="Timed out after 5 seconds waiting for base.BaseTester$4@dfb31d
Build info: version: &amp;apos;2.53.1&amp;apos;, revision: &amp;apos;a36b8b1cd5757287168e54b817830adce9b0158d&amp;apos;, time: &amp;apos;2016-06-30 19:26:09&amp;apos;
System info: host: &amp;apos;PC201703061101&amp;apos;, ip: &amp;apos;192.168.8.75&amp;apos;, os.name: &amp;apos;Windows 7&amp;apos;, os.arch: &amp;apos;x86&amp;apos;, os.version: &amp;apos;6.1&amp;apos;, java.version: &amp;apos;1.8.0_181&amp;apos;
Driver info: org.openqa.selenium.chrome.ChromeDriver
Capabilities [{mobileEmulationEnabled=false, timeouts={implicit=0, pageLoad=300000, script=30000}, hasTouchScreen=false, platform=XP, acceptSslCerts=false, goog:chromeOptions={debuggerAddress=localhost:28666}, acceptInsecureCerts=false, webStorageEnabled=true, browserName=chrome, takesScreenshot=true, javascriptEnabled=true, setWindowRect=true, unexpectedAlertBehaviour=ignore, applicationCacheEnabled=false, rotatable=false, networkConnectionEnabled=false, chrome={chromedriverVersion=79.0.3945.36 (3582db32b33893869b8c1339e8f4d9ed1816f143-refs/branch-heads/3945@{#614}), userDataDir=C:\Users\ADMINI~1\AppData\Local\Temp\scoped_dir12272_722766244}, takesHeapSnapshot=true, pageLoadStrategy=normal, strictFileInteractability=false, databaseEnabled=false, handlesAlerts=true, version=79.0.3945.117, browserConnectionEnabled=false, proxy={}, nativeEvents=true, locationContextEnabled=true, cssSelectorsEnabled=true}]
Session ID: 019fa8df6888836938fa42ac6f16cc66">
      <![CDATA[org.openqa.selenium.TimeoutException: Timed out after 5 seconds waiting for base.BaseTester$4@dfb31d
Build info: version: '2.53.1', revision: 'a36b8b1cd5757287168e54b817830adce9b0158d', time: '2016-06-30 19:26:09'
System info: host: 'PC201703061101', ip: '192.168.8.75', os.name: 'Windows 7', os.arch: 'x86', os.version: '6.1', java.version: '1.8.0_181'
Driver info: org.openqa.selenium.chrome.ChromeDriver
Capabilities [{mobileEmulationEnabled=false, timeouts={implicit=0, pageLoad=300000, script=30000}, hasTouchScreen=false, platform=XP, acceptSslCerts=false, goog:chromeOptions={debuggerAddress=localhost:28666}, acceptInsecureCerts=false, webStorageEnabled=true, browserName=chrome, takesScreenshot=true, javascriptEnabled=true, setWindowRect=true, unexpectedAlertBehaviour=ignore, applicationCacheEnabled=false, rotatable=false, networkConnectionEnabled=false, chrome={chromedriverVersion=79.0.3945.36 (3582db32b33893869b8c1339e8f4d9ed1816f143-refs/branch-heads/3945@{#614}), userDataDir=C:\Users\ADMINI~1\AppData\Local\Temp\scoped_dir12272_722766244}, takesHeapSnapshot=true, pageLoadStrategy=normal, strictFileInteractability=false, databaseEnabled=false, handlesAlerts=true, version=79.0.3945.117, browserConnectionEnabled=false, proxy={}, nativeEvents=true, locationContextEnabled=true, cssSelectorsEnabled=true}]
Session ID: 019fa8df6888836938fa42ac6f16cc66
	at org.openqa.selenium.support.ui.WebDriverWait.timeoutException(WebDriverWait.java:80)
	at org.openqa.selenium.support.ui.FluentWait.until(FluentWait.java:261)
	at base.BaseTester.getElementTextNotNull(BaseTester.java:280)
	at base.BaseTester.getElementTextNotNull(BaseTester.java:299)
	at base.BaseTester.assertElementTextEquls(BaseTester.java:750)
	at testcase.ywsl.xcsl.save.tsSave.TsSaveTester.ywsl_xcsl_save_tsSave_failure_test_case(TsSaveTester.java:143)
... Removed 28 stack frames]]>
    </failure>
  </testcase> <!-- ywsl_xcsl_save_tsSave_failure_test_case -->
  <testcase name="ywsl_xcsl_save_tsSave_failure_test_case" time="19.99" classname="testcase.ywsl.xcsl.save.tsSave.TsSaveTester">
    <failure type="org.openqa.selenium.TimeoutException" message="Timed out after 5 seconds waiting for base.BaseTester$4@27f603
Build info: version: &amp;apos;2.53.1&amp;apos;, revision: &amp;apos;a36b8b1cd5757287168e54b817830adce9b0158d&amp;apos;, time: &amp;apos;2016-06-30 19:26:09&amp;apos;
System info: host: &amp;apos;PC201703061101&amp;apos;, ip: &amp;apos;192.168.8.75&amp;apos;, os.name: &amp;apos;Windows 7&amp;apos;, os.arch: &amp;apos;x86&amp;apos;, os.version: &amp;apos;6.1&amp;apos;, java.version: &amp;apos;1.8.0_181&amp;apos;
Driver info: org.openqa.selenium.chrome.ChromeDriver
Capabilities [{mobileEmulationEnabled=false, timeouts={implicit=0, pageLoad=300000, script=30000}, hasTouchScreen=false, platform=XP, acceptSslCerts=false, goog:chromeOptions={debuggerAddress=localhost:28666}, acceptInsecureCerts=false, webStorageEnabled=true, browserName=chrome, takesScreenshot=true, javascriptEnabled=true, setWindowRect=true, unexpectedAlertBehaviour=ignore, applicationCacheEnabled=false, rotatable=false, networkConnectionEnabled=false, chrome={chromedriverVersion=79.0.3945.36 (3582db32b33893869b8c1339e8f4d9ed1816f143-refs/branch-heads/3945@{#614}), userDataDir=C:\Users\ADMINI~1\AppData\Local\Temp\scoped_dir12272_722766244}, takesHeapSnapshot=true, pageLoadStrategy=normal, strictFileInteractability=false, databaseEnabled=false, handlesAlerts=true, version=79.0.3945.117, browserConnectionEnabled=false, proxy={}, nativeEvents=true, locationContextEnabled=true, cssSelectorsEnabled=true}]
Session ID: 019fa8df6888836938fa42ac6f16cc66">
      <![CDATA[org.openqa.selenium.TimeoutException: Timed out after 5 seconds waiting for base.BaseTester$4@27f603
Build info: version: '2.53.1', revision: 'a36b8b1cd5757287168e54b817830adce9b0158d', time: '2016-06-30 19:26:09'
System info: host: 'PC201703061101', ip: '192.168.8.75', os.name: 'Windows 7', os.arch: 'x86', os.version: '6.1', java.version: '1.8.0_181'
Driver info: org.openqa.selenium.chrome.ChromeDriver
Capabilities [{mobileEmulationEnabled=false, timeouts={implicit=0, pageLoad=300000, script=30000}, hasTouchScreen=false, platform=XP, acceptSslCerts=false, goog:chromeOptions={debuggerAddress=localhost:28666}, acceptInsecureCerts=false, webStorageEnabled=true, browserName=chrome, takesScreenshot=true, javascriptEnabled=true, setWindowRect=true, unexpectedAlertBehaviour=ignore, applicationCacheEnabled=false, rotatable=false, networkConnectionEnabled=false, chrome={chromedriverVersion=79.0.3945.36 (3582db32b33893869b8c1339e8f4d9ed1816f143-refs/branch-heads/3945@{#614}), userDataDir=C:\Users\ADMINI~1\AppData\Local\Temp\scoped_dir12272_722766244}, takesHeapSnapshot=true, pageLoadStrategy=normal, strictFileInteractability=false, databaseEnabled=false, handlesAlerts=true, version=79.0.3945.117, browserConnectionEnabled=false, proxy={}, nativeEvents=true, locationContextEnabled=true, cssSelectorsEnabled=true}]
Session ID: 019fa8df6888836938fa42ac6f16cc66
	at org.openqa.selenium.support.ui.WebDriverWait.timeoutException(WebDriverWait.java:80)
	at org.openqa.selenium.support.ui.FluentWait.until(FluentWait.java:261)
	at base.BaseTester.getElementTextNotNull(BaseTester.java:280)
	at base.BaseTester.getElementTextNotNull(BaseTester.java:299)
	at base.BaseTester.assertElementTextEquls(BaseTester.java:750)
	at testcase.ywsl.xcsl.save.tsSave.TsSaveTester.ywsl_xcsl_save_tsSave_failure_test_case(TsSaveTester.java:143)
... Removed 28 stack frames]]>
    </failure>
  </testcase> <!-- ywsl_xcsl_save_tsSave_failure_test_case -->
  <testcase name="ywsl_xcsl_save_tsSave_failure_test_case" time="15.775" classname="testcase.ywsl.xcsl.save.tsSave.TsSaveTester"/>
  <testcase name="ywsl_xcsl_save_tsSave_failure_test_case" time="21.283" classname="testcase.ywsl.xcsl.save.tsSave.TsSaveTester">
    <failure type="org.openqa.selenium.TimeoutException" message="Timed out after 5 seconds waiting for base.BaseTester$4@13eed88
Build info: version: &amp;apos;2.53.1&amp;apos;, revision: &amp;apos;a36b8b1cd5757287168e54b817830adce9b0158d&amp;apos;, time: &amp;apos;2016-06-30 19:26:09&amp;apos;
System info: host: &amp;apos;PC201703061101&amp;apos;, ip: &amp;apos;192.168.8.75&amp;apos;, os.name: &amp;apos;Windows 7&amp;apos;, os.arch: &amp;apos;x86&amp;apos;, os.version: &amp;apos;6.1&amp;apos;, java.version: &amp;apos;1.8.0_181&amp;apos;
Driver info: org.openqa.selenium.chrome.ChromeDriver
Capabilities [{mobileEmulationEnabled=false, timeouts={implicit=0, pageLoad=300000, script=30000}, hasTouchScreen=false, platform=XP, acceptSslCerts=false, goog:chromeOptions={debuggerAddress=localhost:28666}, acceptInsecureCerts=false, webStorageEnabled=true, browserName=chrome, takesScreenshot=true, javascriptEnabled=true, setWindowRect=true, unexpectedAlertBehaviour=ignore, applicationCacheEnabled=false, rotatable=false, networkConnectionEnabled=false, chrome={chromedriverVersion=79.0.3945.36 (3582db32b33893869b8c1339e8f4d9ed1816f143-refs/branch-heads/3945@{#614}), userDataDir=C:\Users\ADMINI~1\AppData\Local\Temp\scoped_dir12272_722766244}, takesHeapSnapshot=true, pageLoadStrategy=normal, strictFileInteractability=false, databaseEnabled=false, handlesAlerts=true, version=79.0.3945.117, browserConnectionEnabled=false, proxy={}, nativeEvents=true, locationContextEnabled=true, cssSelectorsEnabled=true}]
Session ID: 019fa8df6888836938fa42ac6f16cc66">
      <![CDATA[org.openqa.selenium.TimeoutException: Timed out after 5 seconds waiting for base.BaseTester$4@13eed88
Build info: version: '2.53.1', revision: 'a36b8b1cd5757287168e54b817830adce9b0158d', time: '2016-06-30 19:26:09'
System info: host: 'PC201703061101', ip: '192.168.8.75', os.name: 'Windows 7', os.arch: 'x86', os.version: '6.1', java.version: '1.8.0_181'
Driver info: org.openqa.selenium.chrome.ChromeDriver
Capabilities [{mobileEmulationEnabled=false, timeouts={implicit=0, pageLoad=300000, script=30000}, hasTouchScreen=false, platform=XP, acceptSslCerts=false, goog:chromeOptions={debuggerAddress=localhost:28666}, acceptInsecureCerts=false, webStorageEnabled=true, browserName=chrome, takesScreenshot=true, javascriptEnabled=true, setWindowRect=true, unexpectedAlertBehaviour=ignore, applicationCacheEnabled=false, rotatable=false, networkConnectionEnabled=false, chrome={chromedriverVersion=79.0.3945.36 (3582db32b33893869b8c1339e8f4d9ed1816f143-refs/branch-heads/3945@{#614}), userDataDir=C:\Users\ADMINI~1\AppData\Local\Temp\scoped_dir12272_722766244}, takesHeapSnapshot=true, pageLoadStrategy=normal, strictFileInteractability=false, databaseEnabled=false, handlesAlerts=true, version=79.0.3945.117, browserConnectionEnabled=false, proxy={}, nativeEvents=true, locationContextEnabled=true, cssSelectorsEnabled=true}]
Session ID: 019fa8df6888836938fa42ac6f16cc66
	at org.openqa.selenium.support.ui.WebDriverWait.timeoutException(WebDriverWait.java:80)
	at org.openqa.selenium.support.ui.FluentWait.until(FluentWait.java:261)
	at base.BaseTester.getElementTextNotNull(BaseTester.java:280)
	at base.BaseTester.getElementTextNotNull(BaseTester.java:299)
	at base.BaseTester.assertElementTextEquls(BaseTester.java:750)
	at testcase.ywsl.xcsl.save.tsSave.TsSaveTester.ywsl_xcsl_save_tsSave_failure_test_case(TsSaveTester.java:143)
... Removed 28 stack frames]]>
    </failure>
  </testcase> <!-- ywsl_xcsl_save_tsSave_failure_test_case -->
  <testcase name="ywsl_xcsl_save_tsSave_success_test_case" time="19.199" classname="testcase.ywsl.xcsl.save.tsSave.TsSaveTester"/>
  <testcase name="ywsl_xcsl_save_tsSave_success_test_case" time="23.909" classname="testcase.ywsl.xcsl.save.tsSave.TsSaveTester"/>
  <testcase name="ywsl_xcsl_save_tsSave_success_test_case" time="24.03" classname="testcase.ywsl.xcsl.save.tsSave.TsSaveTester"/>
  <testcase name="ywsl_xcsl_save_tsSave_success_test_case" time="15.783" classname="testcase.ywsl.xcsl.save.tsSave.TsSaveTester"/>
</testsuite> <!-- Xcsl_TsSave_Test -->
